INFO  Validating config
FATAL Port 4000 has been used. Try other port instead.
FATAL Something's wrong. Maybe you can find the solution here: https://hexo.io/docs/troubleshooting.html
Error: listen EADDRINUSE: address already in use :::4000
    at Server.setupListenHandle [as _listen2] (net.js:1310:16)
    at listenInCluster (net.js:1358:12)
    at Server.listen (net.js:1444:7)
    at /home/ragan/myblog/node_modules/hexo-server/lib/server.js:68:12
    at Promise._execute (/home/ragan/myblog/node_modules/bluebird/js/release/debuggability.js:384:9)
    at Promise._resolveFromExecutor (/home/ragan/myblog/node_modules/bluebird/js/release/promise.js:518:18)
    at new Promise (/home/ragan/myblog/node_modules/bluebird/js/release/promise.js:103:10)
    at checkPort (/home/ragan/myblog/node_modules/hexo-server/lib/server.js:65:10)
    at Hexo.module.exports (/home/ragan/myblog/node_modules/hexo-server/lib/server.js:17:10)
    at Hexo.tryCatcher (/home/ragan/myblog/node_modules/bluebird/js/release/util.js:16:23)
    at Hexo.<anonymous> (/home/ragan/myblog/node_modules/bluebird/js/release/method.js:15:34)
    at Hexo.call (/home/ragan/myblog/node_modules/hexo/dist/hexo/index.js:208:28)
    at /usr/local/lib/node_modules/hexo-cli/dist/hexo.js:56:21
    at tryCatcher (/usr/local/lib/node_modules/hexo-cli/node_modules/bluebird/js/release/util.js:16:23)
    at Promise._settlePromiseFromHandler (/usr/local/lib/node_modules/hexo-cli/node_modules/bluebird/js/release/promise.js:547:31)
    at Promise._settlePromise (/usr/local/lib/node_modules/hexo-cli/node_modules/bluebird/js/release/promise.js:604:18)
    at Promise._settlePromise0 (/usr/local/lib/node_modules/hexo-cli/node_modules/bluebird/js/release/promise.js:649:10)
    at Promise._settlePromises (/usr/local/lib/node_modules/hexo-cli/node_modules/bluebird/js/release/promise.js:729:18)
    at _drainQueueStep (/usr/local/lib/node_modules/hexo-cli/node_modules/bluebird/js/release/async.js:93:12)
    at _drainQueue (/usr/local/lib/node_modules/hexo-cli/node_modules/bluebird/js/release/async.js:86:9)
    at Async._drainQueues (/usr/local/lib/node_modules/hexo-cli/node_modules/bluebird/js/release/async.js:102:5)
    at Immediate.Async.drainQueues (/usr/local/lib/node_modules/hexo-cli/node_modules/bluebird/js/release/async.js:15:14)
INFO  Validating config
INFO  Start processing
INFO  Hexo is running at http://localhost:4000/ . Press Ctrl+C to stop.
INFO  Validating config
INFO  Start processing
INFO  Hexo is running at http://localhost:4000/ . Press Ctrl+C to stop.
